<?xml version="1.0" encoding="utf-8"?><testsuites name="pytest tests"><testsuite name="pytest" errors="0" failures="0" skipped="0" tests="56" time="5.970" timestamp="2026-06-25T15:34:14.233910+00:00" hostname="agent-env-2ce975ec-4908-4d51-b0dd-c249f8c7e90f"><testcase classname="backend.tests.test_iteration7_phase2_split.TestAdminGenericResources" name="test_admin_can_list[services]" time="0.010" /><testcase classname="backend.tests.test_iteration7_phase2_split.TestAdminGenericResources" name="test_admin_can_list[portfolio]" time="0.004" /><testcase classname="backend.tests.test_iteration7_phase2_split.TestAdminGenericResources" name="test_admin_can_list[proposals]" time="0.003" /><testcase classname="backend.tests.test_iteration7_phase2_split.TestAdminGenericResources" name="test_admin_can_list[verification-requests]" time="0.003" /><testcase classname="backend.tests.test_iteration7_phase2_split.TestAdminGenericResources" name="test_admin_can_list[subscriptions]" time="0.003" /><testcase classname="backend.tests.test_iteration7_phase2_split.TestAdminGenericResources" name="test_admin_can_list[payments]" time="0.003" /><testcase classname="backend.tests.test_iteration7_phase2_split.TestAdminGenericResources" name="test_admin_can_list[invoices]" time="0.003" /><testcase classname="backend.tests.test_iteration7_phase2_split.TestAdminGenericResources" name="test_admin_can_list[reports]" time="0.003" /><testcase classname="backend.tests.test_iteration7_phase2_split.TestAdminGenericResources" name="test_admin_can_list[complaints]" time="0.003" /><testcase classname="backend.tests.test_iteration7_phase2_split.TestAdminGenericResources" name="test_admin_can_list[email-templates]" time="0.003" /><testcase classname="backend.tests.test_iteration7_phase2_split.TestAdminGenericResources" name="test_admin_can_list[content-pages]" time="0.003" /><testcase classname="backend.tests.test_iteration7_phase2_split.TestAdminGenericResources" name="test_admin_can_list[seo-pages]" time="0.003" /><testcase classname="backend.tests.test_iteration7_phase2_split.TestAdminGenericResources" name="test_admin_can_list[faqs]" time="0.003" /><testcase classname="backend.tests.test_iteration7_phase2_split.TestAdminGenericResources" name="test_admin_can_list[media-assets]" time="0.003" /><testcase classname="backend.tests.test_iteration7_phase2_split.TestAdminGenericResources" name="test_admin_can_list[admin-roles]" time="0.003" /><testcase classname="backend.tests.test_iteration7_phase2_split.TestAdminGenericResources" name="test_admin_can_list[ad-placements]" time="0.003" /><testcase classname="backend.tests.test_iteration7_phase2_split.TestAdminGenericResources" name="test_buyer_forbidden[services]" time="0.004" /><testcase classname="backend.tests.test_iteration7_phase2_split.TestAdminGenericResources" name="test_buyer_forbidden[portfolio]" time="0.002" /><testcase classname="backend.tests.test_iteration7_phase2_split.TestAdminGenericResources" name="test_buyer_forbidden[proposals]" time="0.002" /><testcase classname="backend.tests.test_iteration7_phase2_split.TestAdminGenericResources" name="test_buyer_forbidden[verification-requests]" time="0.002" /><testcase classname="backend.tests.test_iteration7_phase2_split.TestAdminGenericResources" name="test_buyer_forbidden[subscriptions]" time="0.002" /><testcase classname="backend.tests.test_iteration7_phase2_split.TestAdminGenericResources" name="test_buyer_forbidden[payments]" time="0.002" /><testcase classname="backend.tests.test_iteration7_phase2_split.TestAdminGenericResources" name="test_buyer_forbidden[invoices]" time="0.002" /><testcase classname="backend.tests.test_iteration7_phase2_split.TestAdminGenericResources" name="test_buyer_forbidden[reports]" time="0.002" /><testcase classname="backend.tests.test_iteration7_phase2_split.TestAdminGenericResources" name="test_buyer_forbidden[complaints]" time="0.002" /><testcase classname="backend.tests.test_iteration7_phase2_split.TestAdminGenericResources" name="test_buyer_forbidden[email-templates]" time="0.002" /><testcase classname="backend.tests.test_iteration7_phase2_split.TestAdminGenericResources" name="test_buyer_forbidden[content-pages]" time="0.002" /><testcase classname="backend.tests.test_iteration7_phase2_split.TestAdminGenericResources" name="test_buyer_forbidden[seo-pages]" time="0.002" /><testcase classname="backend.tests.test_iteration7_phase2_split.TestAdminGenericResources" name="test_buyer_forbidden[faqs]" time="0.002" /><testcase classname="backend.tests.test_iteration7_phase2_split.TestAdminGenericResources" name="test_buyer_forbidden[media-assets]" time="0.002" /><testcase classname="backend.tests.test_iteration7_phase2_split.TestAdminGenericResources" name="test_buyer_forbidden[admin-roles]" time="0.002" /><testcase classname="backend.tests.test_iteration7_phase2_split.TestAdminGenericResources" name="test_buyer_forbidden[ad-placements]" time="0.002" /><testcase classname="backend.tests.test_iteration7_phase2_split.TestAdminFaqCrud" name="test_create_then_update_faq" time="0.009" /><testcase classname="backend.tests.test_iteration7_phase2_split.TestAdminSpecificRoutesWin" name="test_specific_admin_routes_paginated[/api/admin/plans-expect_keys0]" time="0.003" /><testcase classname="backend.tests.test_iteration7_phase2_split.TestAdminSpecificRoutesWin" name="test_specific_admin_routes_paginated[/api/admin/companies-expect_keys1]" time="0.004" /><testcase classname="backend.tests.test_iteration7_phase2_split.TestAdminSpecificRoutesWin" name="test_specific_admin_routes_paginated[/api/admin/users-expect_keys2]" time="0.003" /><testcase classname="backend.tests.test_iteration7_phase2_split.TestAdminSpecificRoutesWin" name="test_specific_admin_routes_paginated[/api/admin/leads-expect_keys3]" time="0.003" /><testcase classname="backend.tests.test_iteration7_phase2_split.TestAdminSpecificRoutesWin" name="test_specific_admin_routes_paginated[/api/admin/briefs-expect_keys4]" time="0.003" /><testcase classname="backend.tests.test_iteration7_phase2_split.TestAdminSpecificRoutesWin" name="test_admin_stats" time="0.006" /><testcase classname="backend.tests.test_iteration7_phase2_split.TestAuditLogs" name="test_audit_logs_list_paginated" time="0.005" /><testcase classname="backend.tests.test_iteration7_phase2_split.TestAuditLogs" name="test_audit_log_recorded_after_admin_write" time="0.515" /><testcase classname="backend.tests.test_iteration7_phase2_split.TestMediaEndpoints" name="test_anonymous_get_unknown_returns_404" time="0.002" /><testcase classname="backend.tests.test_iteration7_phase2_split.TestMediaEndpoints" name="test_upload_avatar_get_delete" time="0.012" /><testcase classname="backend.tests.test_iteration7_phase2_split.TestAllowDemoLoginFlag" name="test_demo_login_enabled_by_default_in_env" time="0.002" /><testcase classname="backend.tests.test_iteration7_phase2_split.TestAllowDemoLoginFlag" name="test_demo_login_returns_404_when_flag_false" time="4.466" /><testcase classname="backend.tests.test_iteration9_seed_richness" name="test_api_reachable" time="0.172" /><testcase classname="backend.tests.test_iteration9_seed_richness" name="test_companies_total_ge_12_no_test_xyz" time="0.052" /><testcase classname="backend.tests.test_iteration9_seed_richness" name="test_services_total_ge_50" time="0.067" /><testcase classname="backend.tests.test_iteration9_seed_richness" name="test_company_card_shape" time="0.045" /><testcase classname="backend.tests.test_iteration9_seed_richness" name="test_public_company_profile_loads" time="0.097" /><testcase classname="backend.tests.test_iteration9_seed_richness" name="test_demo_provider_is_elnur_nexora" time="0.094" /><testcase classname="backend.tests.test_iteration9_seed_richness" name="test_provider_services_4_to_6" time="0.045" /><testcase classname="backend.tests.test_iteration9_seed_richness" name="test_provider_portfolio_3_to_5" time="0.047" /><testcase classname="backend.tests.test_iteration9_seed_richness" name="test_provider_case_studies_1_to_2" time="0.046" /><testcase classname="backend.tests.test_iteration9_seed_richness" name="test_companies_filter_by_category_seo" time="0.050" /><testcase classname="backend.tests.test_iteration9_seed_richness" name="test_companies_featured_filter" time="0.050" /></testsuite></testsuites>