<?xml version="1.0" encoding="utf-8"?><testsuites name="pytest tests"><testsuite name="pytest" errors="0" failures="1" skipped="0" tests="20" time="6.918" timestamp="2026-06-01T21:01:12.506619+00:00" hostname="agent-env-76e00a41-2641-4cbe-9e3f-2270aac088cd"><testcase classname="backend.tests.test_new_features.TestServiceGetById" name="test_get_my_service_by_id" time="0.877" /><testcase classname="backend.tests.test_new_features.TestPortfolioGetByIdAndUpdate" name="test_get_and_update_my_portfolio" time="0.588" /><testcase classname="backend.tests.test_new_features.TestCaseStudiesCRUD" name="test_case_studies_full_crud" time="0.830" /><testcase classname="backend.tests.test_new_features.TestTeamCRUD" name="test_team_full_crud" time="0.706" /><testcase classname="backend.tests.test_new_features.TestCertificatesCRUD" name="test_certificates_crud" time="0.328" /><testcase classname="backend.tests.test_new_features.TestAwardsCRUD" name="test_awards_crud" time="0.416" /><testcase classname="backend.tests.test_new_features.TestProviderReviewsList" name="test_get_my_reviews" time="0.118" /><testcase classname="backend.tests.test_new_features.TestCompanyUpdateNewFields" name="test_company_update_new_fields_persist" time="0.246"><failure message="AssertionError: Fields not persisted on company doc: ['short_description', 'whatsapp', 'address', 'maps_url', 'branches', 'service_countries', 'tax_number', 'statistics', 'sections']. Got keys: ['id', 'owner_id', 'name', 'slug', 'slogan', 'about', 'location', 'founded_year', 'company_size', 'categories', 'industries', 'website', 'email', 'phone', 'social', 'languages', 'logo_url', 'cover_url', 'rating', 'review_count', 'response_time', 'verified', 'featured', 'sponsored', 'status', 'plan', 'profile_completion', 'views_month', 'shortlist_count', 'created_at']&#10;assert not ['short_description', 'whatsapp', 'address', 'maps_url', 'branches', 'service_countries', ...]">backend/tests/test_new_features.py:231: in test_company_update_new_fields_persist
    assert not missing, f"Fields not persisted on company doc: {missing}. Got keys: {list(body.keys())}"
E   AssertionError: Fields not persisted on company doc: ['short_description', 'whatsapp', 'address', 'maps_url', 'branches', 'service_countries', 'tax_number', 'statistics', 'sections']. Got keys: ['id', 'owner_id', 'name', 'slug', 'slogan', 'about', 'location', 'founded_year', 'company_size', 'categories', 'industries', 'website', 'email', 'phone', 'social', 'languages', 'logo_url', 'cover_url', 'rating', 'review_count', 'response_time', 'verified', 'featured', 'sponsored', 'status', 'plan', 'profile_completion', 'views_month', 'shortlist_count', 'created_at']
E   assert not ['short_description', 'whatsapp', 'address', 'maps_url', 'branches', 'service_countries', ...]</failure></testcase><testcase classname="backend.tests.test_new_features.TestPublicSubResources" name="test_public_case_studies" time="0.234" /><testcase classname="backend.tests.test_new_features.TestPublicSubResources" name="test_public_awards" time="0.228" /><testcase classname="backend.tests.test_new_features.TestRBACNewEndpoints" name="test_buyer_blocked[/me/case-studies]" time="0.473" /><testcase classname="backend.tests.test_new_features.TestRBACNewEndpoints" name="test_buyer_blocked[/me/team]" time="0.143" /><testcase classname="backend.tests.test_new_features.TestRBACNewEndpoints" name="test_buyer_blocked[/me/awards]" time="0.142" /><testcase classname="backend.tests.test_new_features.TestRBACNewEndpoints" name="test_buyer_blocked[/me/certificates]" time="0.119" /><testcase classname="backend.tests.test_new_features.TestRBACNewEndpoints" name="test_buyer_blocked[/me/reviews]" time="0.119" /><testcase classname="backend.tests.test_new_features.TestRBACNewEndpoints" name="test_admin_blocked_from_provider_scoped[/me/case-studies]" time="0.453" /><testcase classname="backend.tests.test_new_features.TestRBACNewEndpoints" name="test_admin_blocked_from_provider_scoped[/me/team]" time="0.114" /><testcase classname="backend.tests.test_new_features.TestRBACNewEndpoints" name="test_admin_blocked_from_provider_scoped[/me/awards]" time="0.113" /><testcase classname="backend.tests.test_new_features.TestRBACNewEndpoints" name="test_admin_blocked_from_provider_scoped[/me/certificates]" time="0.219" /><testcase classname="backend.tests.test_new_features.TestDemoLoginProviderStillWorks" name="test_provider_login" time="0.334" /></testsuite></testsuites>