<?xml version="1.0" encoding="utf-8"?><testsuites name="pytest tests"><testsuite name="pytest" errors="0" failures="1" skipped="0" tests="13" time="2.567" timestamp="2026-06-25T13:51:47.858819+00:00" hostname="agent-env-2ce975ec-4908-4d51-b0dd-c249f8c7e90f"><testcase classname="backend.tests.test_iteration5_fixes.TestFix1AdminDuplicatePlan" name="test_duplicate_succeeds_and_serializable" time="0.374" /><testcase classname="backend.tests.test_iteration5_fixes.TestFix1AdminDuplicatePlan" name="test_duplicate_conflict_on_same_slug" time="0.155" /><testcase classname="backend.tests.test_iteration5_fixes.TestFix2VerificationValidationOrder" name="test_empty_body_returns_400_legal_name_required" time="0.407" /><testcase classname="backend.tests.test_iteration5_fixes.TestFix2VerificationValidationOrder" name="test_only_legal_name_returns_400_tax_id_required" time="0.266" /><testcase classname="backend.tests.test_iteration5_fixes.TestFix2VerificationValidationOrder" name="test_valid_then_duplicate_returns_409" time="0.294" /><testcase classname="backend.tests.test_iteration5_fixes.TestFix3CreateProposalAutoLead" name="test_open_brief_proposal_without_manual_unlock" time="0.195"><failure message="AssertionError: Unexpected status from proposal create: 422 {&quot;detail&quot;:[{&quot;type&quot;:&quot;missing&quot;,&quot;loc&quot;:[&quot;body&quot;,&quot;text&quot;],&quot;msg&quot;:&quot;Field required&quot;,&quot;input&quot;:{&quot;brief_id&quot;:&quot;fbf24a22-62fe-4858-80fb-dd61298d5692&quot;,&quot;title&quot;:&quot;TEST Auto Lead Proposal 975300&quot;,&quot;price&quot;:100.0,&quot;currency&quot;:&quot;AZN&quot;,&quot;delivery_days&quot;:7,&quot;message&quot;:&quot;TEST auto-create lead path&quot;},&quot;url&quot;:&quot;https://errors.pydantic.dev/2.13/v/missing&quot;},{&quot;type&quot;:&quot;missing&quot;,&quot;loc&quot;:[&quot;body&quot;,&quot;timeline&quot;],&quot;msg&quot;:&quot;Field required&quot;,&quot;input&quot;:{&quot;brief_id&quot;:&quot;fbf24a22-62fe-4858-80fb-dd61298d5692&quot;,&quot;title&quot;:&quot;TEST Auto Lead Proposal 975300&quot;,&quot;price&quot;:100.0,&quot;currency&quot;:&quot;AZN&quot;,&quot;delivery_days&quot;:7,&quot;message&quot;:&quot;TEST auto-create lead path&quot;},&quot;url&quot;:&quot;https://errors.pydantic.dev/2.13/v/missing&quot;}]}&#10;assert 422 in (200, 201, 402)&#10; +  where 422 = &lt;Response [422]&gt;.status_code">backend/tests/test_iteration5_fixes.py:224: in test_open_brief_proposal_without_manual_unlock
    assert r_prop.status_code in (200, 201, 402), (
E   AssertionError: Unexpected status from proposal create: 422 {"detail":[{"type":"missing","loc":["body","text"],"msg":"Field required","input":{"brief_id":"fbf24a22-62fe-4858-80fb-dd61298d5692","title":"TEST Auto Lead Proposal 975300","price":100.0,"currency":"AZN","delivery_days":7,"message":"TEST auto-create lead path"},"url":"https://errors.pydantic.dev/2.13/v/missing"},{"type":"missing","loc":["body","timeline"],"msg":"Field required","input":{"brief_id":"fbf24a22-62fe-4858-80fb-dd61298d5692","title":"TEST Auto Lead Proposal 975300","price":100.0,"currency":"AZN","delivery_days":7,"message":"TEST auto-create lead path"},"url":"https://errors.pydantic.dev/2.13/v/missing"}]}
E   assert 422 in (200, 201, 402)
E    +  where 422 = &lt;Response [422]&gt;.status_code</failure></testcase><testcase classname="backend.tests.test_iteration5_fixes.TestStalePlanStatusV2Removed" name="test_plan_status_v2_not_exposed" time="0.057" /><testcase classname="backend.tests.test_iteration5_fixes.TestExistingEndpointsRegression" name="test_demo_login_admin" time="0.120" /><testcase classname="backend.tests.test_iteration5_fixes.TestExistingEndpointsRegression" name="test_plans_public_list" time="0.126" /><testcase classname="backend.tests.test_iteration5_fixes.TestExistingEndpointsRegression" name="test_companies_public_list" time="0.107" /><testcase classname="backend.tests.test_iteration5_fixes.TestExistingEndpointsRegression" name="test_admin_stats" time="0.051" /><testcase classname="backend.tests.test_iteration5_fixes.TestExistingEndpointsRegression" name="test_buyer_dashboard" time="0.248" /><testcase classname="backend.tests.test_iteration5_fixes.TestExistingEndpointsRegression" name="test_provider_analytics" time="0.063" /></testsuite></testsuites>