<?xml version="1.0" encoding="utf-8"?><testsuites name="pytest tests"><testsuite name="pytest" errors="0" failures="0" skipped="0" tests="35" time="7.250" timestamp="2026-06-01T20:57:38.149419+00:00" hostname="agent-env-76e00a41-2641-4cbe-9e3f-2270aac088cd"><testcase classname="backend.tests.backend_test.TestPublic" name="test_categories_seeded_20" time="0.163" /><testcase classname="backend.tests.backend_test.TestPublic" name="test_plans_4" time="0.054" /><testcase classname="backend.tests.backend_test.TestPublic" name="test_companies_list_and_filters" time="0.126" /><testcase classname="backend.tests.backend_test.TestPublic" name="test_company_detail_with_relations" time="0.120" /><testcase classname="backend.tests.backend_test.TestPublic" name="test_services_list_and_detail" time="0.140" /><testcase classname="backend.tests.backend_test.TestPublic" name="test_ads_and_blog" time="0.203" /><testcase classname="backend.tests.backend_test.TestAuth" name="test_login_demo_users_all_three" time="0.832" /><testcase classname="backend.tests.backend_test.TestAuth" name="test_login_wrong_password" time="0.285" /><testcase classname="backend.tests.backend_test.TestAuth" name="test_demo_login_each_role" time="0.171" /><testcase classname="backend.tests.backend_test.TestAuth" name="test_demo_login_invalid_role" time="0.053" /><testcase classname="backend.tests.backend_test.TestAuth" name="test_auth_me_with_bearer" time="0.387" /><testcase classname="backend.tests.backend_test.TestAuth" name="test_auth_me_unauthenticated" time="0.113" /><testcase classname="backend.tests.backend_test.TestAuth" name="test_register_buyer_creates_profile" time="0.332" /><testcase classname="backend.tests.backend_test.TestAuth" name="test_register_provider_creates_pending_company" time="0.674" /><testcase classname="backend.tests.backend_test.TestAuth" name="test_register_duplicate" time="0.057" /><testcase classname="backend.tests.backend_test.TestAuth" name="test_register_invalid_role" time="0.049" /><testcase classname="backend.tests.backend_test.TestBuyerFlow" name="test_create_brief_and_list" time="0.164" /><testcase classname="backend.tests.backend_test.TestBuyerFlow" name="test_proposals_received" time="0.061" /><testcase classname="backend.tests.backend_test.TestBuyerFlow" name="test_shortlist_add_get_remove" time="0.291" /><testcase classname="backend.tests.backend_test.TestBuyerFlow" name="test_buyer_dashboard" time="0.057" /><testcase classname="backend.tests.backend_test.TestProviderFlow" name="test_get_my_company" time="0.389" /><testcase classname="backend.tests.backend_test.TestProviderFlow" name="test_update_my_company" time="0.052" /><testcase classname="backend.tests.backend_test.TestProviderFlow" name="test_services_crud" time="0.345" /><testcase classname="backend.tests.backend_test.TestProviderFlow" name="test_leads" time="0.055" /><testcase classname="backend.tests.backend_test.TestProviderFlow" name="test_proposal_create_and_sent" time="0.162" /><testcase classname="backend.tests.backend_test.TestProviderFlow" name="test_analytics" time="0.059" /><testcase classname="backend.tests.backend_test.TestAdmin" name="test_stats" time="0.054" /><testcase classname="backend.tests.backend_test.TestAdmin" name="test_companies_list_and_actions" time="0.227" /><testcase classname="backend.tests.backend_test.TestAdmin" name="test_users_reviews_leads_briefs" time="0.263" /><testcase classname="backend.tests.backend_test.TestAdmin" name="test_ads_plans_settings_integrations_audit" time="0.311" /><testcase classname="backend.tests.backend_test.TestRBAC" name="test_buyer_blocked_from_admin" time="0.062" /><testcase classname="backend.tests.backend_test.TestRBAC" name="test_provider_blocked_from_admin" time="0.055" /><testcase classname="backend.tests.backend_test.TestRBAC" name="test_buyer_blocked_from_provider_endpoints" time="0.281" /><testcase classname="backend.tests.backend_test.TestRBAC" name="test_provider_blocked_from_buyer_endpoints" time="0.232" /><testcase classname="backend.tests.backend_test.TestRBAC" name="test_unauthenticated_blocked" time="0.292" /></testsuite></testsuites>