<?xml version="1.0" encoding="utf-8"?><testsuites name="pytest tests"><testsuite name="pytest" errors="0" failures="0" skipped="2" tests="41" time="7.684" timestamp="2026-06-25T14:27:27.694916+00:00" hostname="agent-env-2ce975ec-4908-4d51-b0dd-c249f8c7e90f"><testcase classname="backend.tests.test_production_phase1.TestSmoke" name="test_demo_login_admin" time="0.285" /><testcase classname="backend.tests.test_production_phase1.TestSmoke" name="test_demo_login_buyer" time="0.136" /><testcase classname="backend.tests.test_production_phase1.TestSmoke" name="test_demo_login_provider" time="0.143" /><testcase classname="backend.tests.test_production_phase1.TestSmoke" name="test_existing_plans" time="0.141" /><testcase classname="backend.tests.test_production_phase1.TestSmoke" name="test_existing_companies" time="0.238" /><testcase classname="backend.tests.test_production_phase1.TestSmoke" name="test_existing_categories" time="0.102" /><testcase classname="backend.tests.test_production_phase1.TestSmoke" name="test_buyer_dashboard" time="0.102" /><testcase classname="backend.tests.test_production_phase1.TestSmoke" name="test_me_analytics" time="0.137" /><testcase classname="backend.tests.test_production_phase1.TestPublicPlansAndStatus" name="test_public_plans" time="0.160" /><testcase classname="backend.tests.test_production_phase1.TestPublicPlansAndStatus" name="test_me_plan_usage" time="0.058" /><testcase classname="backend.tests.test_production_phase1.TestPublicPlansAndStatus" name="test_me_current_plan" time="0.048" /><testcase classname="backend.tests.test_production_phase1.TestVerification" name="test_submit_requires_legal_name" time="0.307" /><testcase classname="backend.tests.test_production_phase1.TestVerification" name="test_submit_requires_tax_id" time="0.147" /><testcase classname="backend.tests.test_production_phase1.TestVerification" name="test_full_flow" time="0.751" /><testcase classname="backend.tests.test_production_phase1.TestProtectedReviews" name="test_review_requires_existing_project" time="0.050" /><testcase classname="backend.tests.test_production_phase1.TestProtectedReviews" name="test_full_chain" time="0.198"><skipped type="pytest.skip" message="No proposals for brief a09a1680-80c1-4e39-9df7-48c0fbfb20c5">/app/backend/tests/test_production_phase1.py:274: No proposals for brief a09a1680-80c1-4e39-9df7-48c0fbfb20c5</skipped></testcase><testcase classname="backend.tests.test_production_phase1.TestSubscriptionLifecycle" name="test_request_upgrade_and_mark_paid" time="0.664" /><testcase classname="backend.tests.test_production_phase1.TestSubscriptionLifecycle" name="test_request_upgrade_invalid_cycle" time="0.046" /><testcase classname="backend.tests.test_production_phase1.TestAdminPlansV2" name="test_full_flow" time="0.660" /><testcase classname="backend.tests.test_production_phase1.TestOpenBriefs" name="test_list_and_unlock" time="0.152" /><testcase classname="backend.tests.test_production_phase1.TestPaymentProviderStatus" name="test_manual" time="0.053" /><testcase classname="backend.tests.test_production_phase1.TestBackgroundJobs" name="test_run_expiry_admin" time="0.052" /><testcase classname="backend.tests.test_production_phase1.TestBackgroundJobs" name="test_run_expiry_non_admin_forbidden" time="0.046" /><testcase classname="backend.tests.test_production_phase1.TestAuditAndPermissions" name="test_buyer_forbidden_admin" time="0.048" /><testcase classname="backend.tests.test_production_phase1.TestAuditAndPermissions" name="test_provider_forbidden_admin" time="0.048" /><testcase classname="backend.tests.test_production_phase1.TestAuditAndPermissions" name="test_audit_logs_list" time="0.062" /><testcase classname="backend.tests.test_production_phase1.TestMigrations" name="test_leads_have_required_fields" time="0.053" /><testcase classname="backend.tests.test_production_phase1.TestMigrations" name="test_briefs_visibility_field" time="0.102"><skipped type="pytest.skip" message="Public /briefs not available">/app/backend/tests/test_production_phase1.py:522: Public /briefs not available</skipped></testcase><testcase classname="backend.tests.test_iteration5_fixes.TestFix1AdminDuplicatePlan" name="test_duplicate_succeeds_and_serializable" time="0.368" /><testcase classname="backend.tests.test_iteration5_fixes.TestFix1AdminDuplicatePlan" name="test_duplicate_conflict_on_same_slug" time="0.162" /><testcase classname="backend.tests.test_iteration5_fixes.TestFix2VerificationValidationOrder" name="test_empty_body_returns_400_legal_name_required" time="0.507" /><testcase classname="backend.tests.test_iteration5_fixes.TestFix2VerificationValidationOrder" name="test_only_legal_name_returns_400_tax_id_required" time="0.281" /><testcase classname="backend.tests.test_iteration5_fixes.TestFix2VerificationValidationOrder" name="test_valid_then_duplicate_returns_409" time="0.271" /><testcase classname="backend.tests.test_iteration5_fixes.TestFix3CreateProposalAutoLead" name="test_open_brief_proposal_without_manual_unlock" time="0.243" /><testcase classname="backend.tests.test_iteration5_fixes.TestStalePlanStatusV2Removed" name="test_plan_status_v2_not_exposed" time="0.057" /><testcase classname="backend.tests.test_iteration5_fixes.TestExistingEndpointsRegression" name="test_demo_login_admin" time="0.099" /><testcase classname="backend.tests.test_iteration5_fixes.TestExistingEndpointsRegression" name="test_plans_public_list" time="0.100" /><testcase classname="backend.tests.test_iteration5_fixes.TestExistingEndpointsRegression" name="test_companies_public_list" time="0.103" /><testcase classname="backend.tests.test_iteration5_fixes.TestExistingEndpointsRegression" name="test_admin_stats" time="0.077" /><testcase classname="backend.tests.test_iteration5_fixes.TestExistingEndpointsRegression" name="test_buyer_dashboard" time="0.245" /><testcase classname="backend.tests.test_iteration5_fixes.TestExistingEndpointsRegression" name="test_provider_analytics" time="0.073" /></testsuite></testsuites>