<?xml version="1.0" encoding="utf-8"?><testsuites name="pytest tests"><testsuite name="pytest" errors="0" failures="0" skipped="2" tests="28" time="4.171" timestamp="2026-06-25T13:52:23.380782+00:00" hostname="agent-env-2ce975ec-4908-4d51-b0dd-c249f8c7e90f"><testcase classname="backend.tests.test_production_phase1.TestSmoke" name="test_demo_login_admin" time="0.183" /><testcase classname="backend.tests.test_production_phase1.TestSmoke" name="test_demo_login_buyer" time="0.101" /><testcase classname="backend.tests.test_production_phase1.TestSmoke" name="test_demo_login_provider" time="0.103" /><testcase classname="backend.tests.test_production_phase1.TestSmoke" name="test_existing_plans" time="0.103" /><testcase classname="backend.tests.test_production_phase1.TestSmoke" name="test_existing_companies" time="0.113" /><testcase classname="backend.tests.test_production_phase1.TestSmoke" name="test_existing_categories" time="0.131" /><testcase classname="backend.tests.test_production_phase1.TestSmoke" name="test_buyer_dashboard" time="0.115" /><testcase classname="backend.tests.test_production_phase1.TestSmoke" name="test_me_analytics" time="0.097" /><testcase classname="backend.tests.test_production_phase1.TestPublicPlansAndStatus" name="test_public_plans" time="0.103" /><testcase classname="backend.tests.test_production_phase1.TestPublicPlansAndStatus" name="test_me_plan_usage" time="0.045" /><testcase classname="backend.tests.test_production_phase1.TestPublicPlansAndStatus" name="test_me_current_plan" time="0.046" /><testcase classname="backend.tests.test_production_phase1.TestVerification" name="test_submit_requires_legal_name" time="0.243" /><testcase classname="backend.tests.test_production_phase1.TestVerification" name="test_submit_requires_tax_id" time="0.191" /><testcase classname="backend.tests.test_production_phase1.TestVerification" name="test_full_flow" time="0.456" /><testcase classname="backend.tests.test_production_phase1.TestProtectedReviews" name="test_review_requires_existing_project" time="0.045" /><testcase classname="backend.tests.test_production_phase1.TestProtectedReviews" name="test_full_chain" time="0.138"><skipped type="pytest.skip" message="No proposals for brief fbf24a22-62fe-4858-80fb-dd61298d5692">/app/backend/tests/test_production_phase1.py:274: No proposals for brief fbf24a22-62fe-4858-80fb-dd61298d5692</skipped></testcase><testcase classname="backend.tests.test_production_phase1.TestSubscriptionLifecycle" name="test_request_upgrade_and_mark_paid" time="0.649" /><testcase classname="backend.tests.test_production_phase1.TestSubscriptionLifecycle" name="test_request_upgrade_invalid_cycle" time="0.044" /><testcase classname="backend.tests.test_production_phase1.TestAdminPlansV2" name="test_full_flow" time="0.564" /><testcase classname="backend.tests.test_production_phase1.TestOpenBriefs" name="test_list_and_unlock" time="0.176" /><testcase classname="backend.tests.test_production_phase1.TestPaymentProviderStatus" name="test_manual" time="0.050" /><testcase classname="backend.tests.test_production_phase1.TestBackgroundJobs" name="test_run_expiry_admin" time="0.055" /><testcase classname="backend.tests.test_production_phase1.TestBackgroundJobs" name="test_run_expiry_non_admin_forbidden" time="0.045" /><testcase classname="backend.tests.test_production_phase1.TestAuditAndPermissions" name="test_buyer_forbidden_admin" time="0.050" /><testcase classname="backend.tests.test_production_phase1.TestAuditAndPermissions" name="test_provider_forbidden_admin" time="0.045" /><testcase classname="backend.tests.test_production_phase1.TestAuditAndPermissions" name="test_audit_logs_list" time="0.057" /><testcase classname="backend.tests.test_production_phase1.TestMigrations" name="test_leads_have_required_fields" time="0.046" /><testcase classname="backend.tests.test_production_phase1.TestMigrations" name="test_briefs_visibility_field" time="0.103"><skipped type="pytest.skip" message="Public /briefs not available">/app/backend/tests/test_production_phase1.py:522: Public /briefs not available</skipped></testcase></testsuite></testsuites>