<?xml version="1.0" encoding="utf-8"?><testsuites name="pytest tests"><testsuite name="pytest" errors="0" failures="0" skipped="0" tests="11" time="1.099" timestamp="2026-06-25T15:25:14.349504+00:00" hostname="agent-env-2ce975ec-4908-4d51-b0dd-c249f8c7e90f"><testcase classname="backend.tests.test_iteration9_seed_richness" name="test_api_reachable" time="0.202" /><testcase classname="backend.tests.test_iteration9_seed_richness" name="test_companies_total_ge_12_no_test_xyz" time="0.055" /><testcase classname="backend.tests.test_iteration9_seed_richness" name="test_services_total_ge_50" time="0.071" /><testcase classname="backend.tests.test_iteration9_seed_richness" name="test_company_card_shape" time="0.056" /><testcase classname="backend.tests.test_iteration9_seed_richness" name="test_public_company_profile_loads" time="0.109" /><testcase classname="backend.tests.test_iteration9_seed_richness" name="test_demo_provider_is_elnur_nexora" time="0.104" /><testcase classname="backend.tests.test_iteration9_seed_richness" name="test_provider_services_4_to_6" time="0.049" /><testcase classname="backend.tests.test_iteration9_seed_richness" name="test_provider_portfolio_3_to_5" time="0.053" /><testcase classname="backend.tests.test_iteration9_seed_richness" name="test_provider_case_studies_1_to_2" time="0.052" /><testcase classname="backend.tests.test_iteration9_seed_richness" name="test_companies_filter_by_category_seo" time="0.051" /><testcase classname="backend.tests.test_iteration9_seed_richness" name="test_companies_featured_filter" time="0.056" /></testsuite></testsuites>