<?xml version="1.0" encoding="utf-8"?><testsuites name="pytest tests"><testsuite name="pytest" errors="0" failures="2" skipped="0" tests="55" time="13.165" timestamp="2026-06-25T13:47:08.197598+00:00" hostname="agent-env-2ce975ec-4908-4d51-b0dd-c249f8c7e90f"><testcase classname="backend.tests.test_new_features.TestServiceGetById" name="test_get_my_service_by_id" time="0.797" /><testcase classname="backend.tests.test_new_features.TestPortfolioGetByIdAndUpdate" name="test_get_and_update_my_portfolio" time="0.539" /><testcase classname="backend.tests.test_new_features.TestCaseStudiesCRUD" name="test_case_studies_full_crud" time="0.769" /><testcase classname="backend.tests.test_new_features.TestTeamCRUD" name="test_team_full_crud" time="0.654" /><testcase classname="backend.tests.test_new_features.TestCertificatesCRUD" name="test_certificates_crud" time="0.325" /><testcase classname="backend.tests.test_new_features.TestAwardsCRUD" name="test_awards_crud" time="0.361" /><testcase classname="backend.tests.test_new_features.TestProviderReviewsList" name="test_get_my_reviews" time="0.109" /><testcase classname="backend.tests.test_new_features.TestCompanyUpdateNewFields" name="test_company_update_new_fields_persist" time="0.199" /><testcase classname="backend.tests.test_new_features.TestPublicSubResources" name="test_public_case_studies" time="0.208" /><testcase classname="backend.tests.test_new_features.TestPublicSubResources" name="test_public_awards" time="0.220" /><testcase classname="backend.tests.test_new_features.TestRBACNewEndpoints" name="test_buyer_blocked[/me/case-studies]" time="0.429" /><testcase classname="backend.tests.test_new_features.TestRBACNewEndpoints" name="test_buyer_blocked[/me/team]" time="0.099" /><testcase classname="backend.tests.test_new_features.TestRBACNewEndpoints" name="test_buyer_blocked[/me/awards]" time="0.099" /><testcase classname="backend.tests.test_new_features.TestRBACNewEndpoints" name="test_buyer_blocked[/me/certificates]" time="0.140" /><testcase classname="backend.tests.test_new_features.TestRBACNewEndpoints" name="test_buyer_blocked[/me/reviews]" time="0.099" /><testcase classname="backend.tests.test_new_features.TestRBACNewEndpoints" name="test_admin_blocked_from_provider_scoped[/me/case-studies]" time="0.518" /><testcase classname="backend.tests.test_new_features.TestRBACNewEndpoints" name="test_admin_blocked_from_provider_scoped[/me/team]" time="0.108" /><testcase classname="backend.tests.test_new_features.TestRBACNewEndpoints" name="test_admin_blocked_from_provider_scoped[/me/awards]" time="0.096" /><testcase classname="backend.tests.test_new_features.TestRBACNewEndpoints" name="test_admin_blocked_from_provider_scoped[/me/certificates]" time="0.097" /><testcase classname="backend.tests.test_new_features.TestDemoLoginProviderStillWorks" name="test_provider_login" time="0.330" /><testcase classname="backend.tests.backend_test.TestPublic" name="test_categories_seeded_20" time="0.099" /><testcase classname="backend.tests.backend_test.TestPublic" name="test_plans_4" time="0.043" /><testcase classname="backend.tests.backend_test.TestPublic" name="test_companies_list_and_filters" time="0.114" /><testcase classname="backend.tests.backend_test.TestPublic" name="test_company_detail_with_relations" time="0.098" /><testcase classname="backend.tests.backend_test.TestPublic" name="test_services_list_and_detail" time="0.091" /><testcase classname="backend.tests.backend_test.TestPublic" name="test_ads_and_blog" time="0.092"><failure message="AssertionError: assert False&#10; +  where False = isinstance({'items': [{'id': '63d1d6b8-088e-4054-8b27-32bed82f57d7', 'title': 'Software development şirkəti necə seçilməlidir?', ...ik seçərkən portfolio, qiymət, kommunikasiya və digər meyarlara fokuslanın.', ...}], 'total': 4, 'page': 1, 'limit': 9}, list)">E   AssertionError: assert False
     +  where False = isinstance({'items': [{'id': '63d1d6b8-088e-4054-8b27-32bed82f57d7', 'title': 'Software development şirkəti necə seçilməlidir?', ...ik seçərkən portfolio, qiymət, kommunikasiya və digər meyarlara fokuslanın.', ...}], 'total': 4, 'page': 1, 'limit': 9}, list)</failure></testcase><testcase classname="backend.tests.backend_test.TestAuth" name="test_login_demo_users_all_three" time="0.798" /><testcase classname="backend.tests.backend_test.TestAuth" name="test_login_wrong_password" time="0.265" /><testcase classname="backend.tests.backend_test.TestAuth" name="test_demo_login_each_role" time="0.140" /><testcase classname="backend.tests.backend_test.TestAuth" name="test_demo_login_invalid_role" time="0.052" /><testcase classname="backend.tests.backend_test.TestAuth" name="test_auth_me_with_bearer" time="0.376" /><testcase classname="backend.tests.backend_test.TestAuth" name="test_auth_me_unauthenticated" time="0.105" /><testcase classname="backend.tests.backend_test.TestAuth" name="test_register_buyer_creates_profile" time="0.353" /><testcase classname="backend.tests.backend_test.TestAuth" name="test_register_provider_creates_pending_company" time="0.642" /><testcase classname="backend.tests.backend_test.TestAuth" name="test_register_duplicate" time="0.048" /><testcase classname="backend.tests.backend_test.TestAuth" name="test_register_invalid_role" time="0.044" /><testcase classname="backend.tests.backend_test.TestBuyerFlow" name="test_create_brief_and_list" time="0.139" /><testcase classname="backend.tests.backend_test.TestBuyerFlow" name="test_proposals_received" time="0.046" /><testcase classname="backend.tests.backend_test.TestBuyerFlow" name="test_shortlist_add_get_remove" time="0.249" /><testcase classname="backend.tests.backend_test.TestBuyerFlow" name="test_buyer_dashboard" time="0.053" /><testcase classname="backend.tests.backend_test.TestProviderFlow" name="test_get_my_company" time="0.394" /><testcase classname="backend.tests.backend_test.TestProviderFlow" name="test_update_my_company" time="0.046" /><testcase classname="backend.tests.backend_test.TestProviderFlow" name="test_services_crud" time="0.804" /><testcase classname="backend.tests.backend_test.TestProviderFlow" name="test_leads" time="0.047" /><testcase classname="backend.tests.backend_test.TestProviderFlow" name="test_proposal_create_and_sent" time="0.098"><failure message="AssertionError: {&quot;detail&quot;:&quot;You must unlock this brief before sending a proposal&quot;}&#10;assert 403 == 200&#10; +  where 403 = &lt;Response [403]&gt;.status_code">E   AssertionError: {"detail":"You must unlock this brief before sending a proposal"}
    assert 403 == 200
     +  where 403 = &lt;Response [403]&gt;.status_code</failure></testcase><testcase classname="backend.tests.backend_test.TestProviderFlow" name="test_analytics" time="0.048" /><testcase classname="backend.tests.backend_test.TestAdmin" name="test_stats" time="0.050" /><testcase classname="backend.tests.backend_test.TestAdmin" name="test_companies_list_and_actions" time="0.192" /><testcase classname="backend.tests.backend_test.TestAdmin" name="test_users_reviews_leads_briefs" time="0.186" /><testcase classname="backend.tests.backend_test.TestAdmin" name="test_ads_plans_settings_integrations_audit" time="0.321" /><testcase classname="backend.tests.backend_test.TestRBAC" name="test_buyer_blocked_from_admin" time="0.046" /><testcase classname="backend.tests.backend_test.TestRBAC" name="test_provider_blocked_from_admin" time="0.045" /><testcase classname="backend.tests.backend_test.TestRBAC" name="test_buyer_blocked_from_provider_endpoints" time="0.233" /><testcase classname="backend.tests.backend_test.TestRBAC" name="test_provider_blocked_from_buyer_endpoints" time="0.180" /><testcase classname="backend.tests.backend_test.TestRBAC" name="test_unauthenticated_blocked" time="0.280" /></testsuite></testsuites>