<?xml version="1.0" encoding="utf-8"?><testsuites name="pytest tests"><testsuite name="pytest" errors="0" failures="0" skipped="0" tests="35" time="6.869" timestamp="2026-06-01T21:01:25.520989+00:00" hostname="agent-env-76e00a41-2641-4cbe-9e3f-2270aac088cd"><testcase classname="backend.tests.backend_test.TestPublic" name="test_categories_seeded_20" time="0.151" /><testcase classname="backend.tests.backend_test.TestPublic" name="test_plans_4" time="0.051" /><testcase classname="backend.tests.backend_test.TestPublic" name="test_companies_list_and_filters" time="0.111" /><testcase classname="backend.tests.backend_test.TestPublic" name="test_company_detail_with_relations" time="0.126" /><testcase classname="backend.tests.backend_test.TestPublic" name="test_services_list_and_detail" time="0.106" /><testcase classname="backend.tests.backend_test.TestPublic" name="test_ads_and_blog" time="0.170" /><testcase classname="backend.tests.backend_test.TestAuth" name="test_login_demo_users_all_three" time="0.823" /><testcase classname="backend.tests.backend_test.TestAuth" name="test_login_wrong_password" time="0.278" /><testcase classname="backend.tests.backend_test.TestAuth" name="test_demo_login_each_role" time="0.154" /><testcase classname="backend.tests.backend_test.TestAuth" name="test_demo_login_invalid_role" time="0.050" /><testcase classname="backend.tests.backend_test.TestAuth" name="test_auth_me_with_bearer" time="0.381" /><testcase classname="backend.tests.backend_test.TestAuth" name="test_auth_me_unauthenticated" time="0.131" /><testcase classname="backend.tests.backend_test.TestAuth" name="test_register_buyer_creates_profile" time="0.336" /><testcase classname="backend.tests.backend_test.TestAuth" name="test_register_provider_creates_pending_company" time="0.668" /><testcase classname="backend.tests.backend_test.TestAuth" name="test_register_duplicate" time="0.049" /><testcase classname="backend.tests.backend_test.TestAuth" name="test_register_invalid_role" time="0.051" /><testcase classname="backend.tests.backend_test.TestBuyerFlow" name="test_create_brief_and_list" time="0.168" /><testcase classname="backend.tests.backend_test.TestBuyerFlow" name="test_proposals_received" time="0.053" /><testcase classname="backend.tests.backend_test.TestBuyerFlow" name="test_shortlist_add_get_remove" time="0.261" /><testcase classname="backend.tests.backend_test.TestBuyerFlow" name="test_buyer_dashboard" time="0.053" /><testcase classname="backend.tests.backend_test.TestProviderFlow" name="test_get_my_company" time="0.396" /><testcase classname="backend.tests.backend_test.TestProviderFlow" name="test_update_my_company" time="0.052" /><testcase classname="backend.tests.backend_test.TestProviderFlow" name="test_services_crud" time="0.340" /><testcase classname="backend.tests.backend_test.TestProviderFlow" name="test_leads" time="0.058" /><testcase classname="backend.tests.backend_test.TestProviderFlow" name="test_proposal_create_and_sent" time="0.163" /><testcase classname="backend.tests.backend_test.TestProviderFlow" name="test_analytics" time="0.053" /><testcase classname="backend.tests.backend_test.TestAdmin" name="test_stats" time="0.055" /><testcase classname="backend.tests.backend_test.TestAdmin" name="test_companies_list_and_actions" time="0.219" /><testcase classname="backend.tests.backend_test.TestAdmin" name="test_users_reviews_leads_briefs" time="0.231" /><testcase classname="backend.tests.backend_test.TestAdmin" name="test_ads_plans_settings_integrations_audit" time="0.258" /><testcase classname="backend.tests.backend_test.TestRBAC" name="test_buyer_blocked_from_admin" time="0.049" /><testcase classname="backend.tests.backend_test.TestRBAC" name="test_provider_blocked_from_admin" time="0.049" /><testcase classname="backend.tests.backend_test.TestRBAC" name="test_buyer_blocked_from_provider_endpoints" time="0.243" /><testcase classname="backend.tests.backend_test.TestRBAC" name="test_provider_blocked_from_buyer_endpoints" time="0.206" /><testcase classname="backend.tests.backend_test.TestRBAC" name="test_unauthenticated_blocked" time="0.255" /></testsuite></testsuites>