<?xml version="1.0" encoding="utf-8"?><testsuites name="pytest tests"><testsuite name="pytest" errors="0" failures="1" skipped="2" tests="97" time="13.000" timestamp="2026-06-25T15:44:20.207319+00:00" hostname="agent-env-2ce975ec-4908-4d51-b0dd-c249f8c7e90f"><testcase classname="backend.tests.test_iteration7_phase2_split.TestAdminGenericResources" name="test_admin_can_list[services]" time="0.010" /><testcase classname="backend.tests.test_iteration7_phase2_split.TestAdminGenericResources" name="test_admin_can_list[portfolio]" time="0.005" /><testcase classname="backend.tests.test_iteration7_phase2_split.TestAdminGenericResources" name="test_admin_can_list[proposals]" time="0.004" /><testcase classname="backend.tests.test_iteration7_phase2_split.TestAdminGenericResources" name="test_admin_can_list[verification-requests]" time="0.003" /><testcase classname="backend.tests.test_iteration7_phase2_split.TestAdminGenericResources" name="test_admin_can_list[subscriptions]" time="0.004" /><testcase classname="backend.tests.test_iteration7_phase2_split.TestAdminGenericResources" name="test_admin_can_list[payments]" time="0.003" /><testcase classname="backend.tests.test_iteration7_phase2_split.TestAdminGenericResources" name="test_admin_can_list[invoices]" time="0.004" /><testcase classname="backend.tests.test_iteration7_phase2_split.TestAdminGenericResources" name="test_admin_can_list[reports]" time="0.003" /><testcase classname="backend.tests.test_iteration7_phase2_split.TestAdminGenericResources" name="test_admin_can_list[complaints]" time="0.003" /><testcase classname="backend.tests.test_iteration7_phase2_split.TestAdminGenericResources" name="test_admin_can_list[email-templates]" time="0.003" /><testcase classname="backend.tests.test_iteration7_phase2_split.TestAdminGenericResources" name="test_admin_can_list[content-pages]" time="0.003" /><testcase classname="backend.tests.test_iteration7_phase2_split.TestAdminGenericResources" name="test_admin_can_list[seo-pages]" time="0.003" /><testcase classname="backend.tests.test_iteration7_phase2_split.TestAdminGenericResources" name="test_admin_can_list[faqs]" time="0.003" /><testcase classname="backend.tests.test_iteration7_phase2_split.TestAdminGenericResources" name="test_admin_can_list[media-assets]" time="0.003" /><testcase classname="backend.tests.test_iteration7_phase2_split.TestAdminGenericResources" name="test_admin_can_list[admin-roles]" time="0.007" /><testcase classname="backend.tests.test_iteration7_phase2_split.TestAdminGenericResources" name="test_admin_can_list[ad-placements]" time="0.003" /><testcase classname="backend.tests.test_iteration7_phase2_split.TestAdminGenericResources" name="test_buyer_forbidden[services]" time="0.004" /><testcase classname="backend.tests.test_iteration7_phase2_split.TestAdminGenericResources" name="test_buyer_forbidden[portfolio]" time="0.002" /><testcase classname="backend.tests.test_iteration7_phase2_split.TestAdminGenericResources" name="test_buyer_forbidden[proposals]" time="0.002" /><testcase classname="backend.tests.test_iteration7_phase2_split.TestAdminGenericResources" name="test_buyer_forbidden[verification-requests]" time="0.002" /><testcase classname="backend.tests.test_iteration7_phase2_split.TestAdminGenericResources" name="test_buyer_forbidden[subscriptions]" time="0.002" /><testcase classname="backend.tests.test_iteration7_phase2_split.TestAdminGenericResources" name="test_buyer_forbidden[payments]" time="0.002" /><testcase classname="backend.tests.test_iteration7_phase2_split.TestAdminGenericResources" name="test_buyer_forbidden[invoices]" time="0.002" /><testcase classname="backend.tests.test_iteration7_phase2_split.TestAdminGenericResources" name="test_buyer_forbidden[reports]" time="0.002" /><testcase classname="backend.tests.test_iteration7_phase2_split.TestAdminGenericResources" name="test_buyer_forbidden[complaints]" time="0.002" /><testcase classname="backend.tests.test_iteration7_phase2_split.TestAdminGenericResources" name="test_buyer_forbidden[email-templates]" time="0.002" /><testcase classname="backend.tests.test_iteration7_phase2_split.TestAdminGenericResources" name="test_buyer_forbidden[content-pages]" time="0.002" /><testcase classname="backend.tests.test_iteration7_phase2_split.TestAdminGenericResources" name="test_buyer_forbidden[seo-pages]" time="0.002" /><testcase classname="backend.tests.test_iteration7_phase2_split.TestAdminGenericResources" name="test_buyer_forbidden[faqs]" time="0.002" /><testcase classname="backend.tests.test_iteration7_phase2_split.TestAdminGenericResources" name="test_buyer_forbidden[media-assets]" time="0.002" /><testcase classname="backend.tests.test_iteration7_phase2_split.TestAdminGenericResources" name="test_buyer_forbidden[admin-roles]" time="0.002" /><testcase classname="backend.tests.test_iteration7_phase2_split.TestAdminGenericResources" name="test_buyer_forbidden[ad-placements]" time="0.002" /><testcase classname="backend.tests.test_iteration7_phase2_split.TestAdminFaqCrud" name="test_create_then_update_faq" time="0.010" /><testcase classname="backend.tests.test_iteration7_phase2_split.TestAdminSpecificRoutesWin" name="test_specific_admin_routes_paginated[/api/admin/plans-expect_keys0]" time="0.004" /><testcase classname="backend.tests.test_iteration7_phase2_split.TestAdminSpecificRoutesWin" name="test_specific_admin_routes_paginated[/api/admin/companies-expect_keys1]" time="0.004" /><testcase classname="backend.tests.test_iteration7_phase2_split.TestAdminSpecificRoutesWin" name="test_specific_admin_routes_paginated[/api/admin/users-expect_keys2]" time="0.004" /><testcase classname="backend.tests.test_iteration7_phase2_split.TestAdminSpecificRoutesWin" name="test_specific_admin_routes_paginated[/api/admin/leads-expect_keys3]" time="0.004" /><testcase classname="backend.tests.test_iteration7_phase2_split.TestAdminSpecificRoutesWin" name="test_specific_admin_routes_paginated[/api/admin/briefs-expect_keys4]" time="0.003" /><testcase classname="backend.tests.test_iteration7_phase2_split.TestAdminSpecificRoutesWin" name="test_admin_stats" time="0.008" /><testcase classname="backend.tests.test_iteration7_phase2_split.TestAuditLogs" name="test_audit_logs_list_paginated" time="0.005" /><testcase classname="backend.tests.test_iteration7_phase2_split.TestAuditLogs" name="test_audit_log_recorded_after_admin_write" time="0.521" /><testcase classname="backend.tests.test_iteration7_phase2_split.TestMediaEndpoints" name="test_anonymous_get_unknown_returns_404" time="0.002" /><testcase classname="backend.tests.test_iteration7_phase2_split.TestMediaEndpoints" name="test_upload_avatar_get_delete" time="0.012" /><testcase classname="backend.tests.test_iteration7_phase2_split.TestAllowDemoLoginFlag" name="test_demo_login_enabled_by_default_in_env" time="0.002" /><testcase classname="backend.tests.test_iteration7_phase2_split.TestAllowDemoLoginFlag" name="test_demo_login_returns_404_when_flag_false" time="4.852" /><testcase classname="backend.tests.test_iteration9_seed_richness" name="test_api_reachable" time="0.205" /><testcase classname="backend.tests.test_iteration9_seed_richness" name="test_companies_total_ge_12_no_test_xyz" time="0.055" /><testcase classname="backend.tests.test_iteration9_seed_richness" name="test_services_total_ge_50" time="0.072" /><testcase classname="backend.tests.test_iteration9_seed_richness" name="test_company_card_shape" time="0.051" /><testcase classname="backend.tests.test_iteration9_seed_richness" name="test_public_company_profile_loads" time="0.102" /><testcase classname="backend.tests.test_iteration9_seed_richness" name="test_demo_provider_is_elnur_nexora" time="0.091" /><testcase classname="backend.tests.test_iteration9_seed_richness" name="test_provider_services_4_to_6" time="0.049" /><testcase classname="backend.tests.test_iteration9_seed_richness" name="test_provider_portfolio_3_to_5" time="0.049" /><testcase classname="backend.tests.test_iteration9_seed_richness" name="test_provider_case_studies_1_to_2" time="0.044" /><testcase classname="backend.tests.test_iteration9_seed_richness" name="test_companies_filter_by_category_seo" time="0.051" /><testcase classname="backend.tests.test_iteration9_seed_richness" name="test_companies_featured_filter" time="0.052" /><testcase classname="backend.tests.test_iteration5_fixes.TestFix1AdminDuplicatePlan" name="test_duplicate_succeeds_and_serializable" time="0.279" /><testcase classname="backend.tests.test_iteration5_fixes.TestFix1AdminDuplicatePlan" name="test_duplicate_conflict_on_same_slug" time="0.137" /><testcase classname="backend.tests.test_iteration5_fixes.TestFix2VerificationValidationOrder" name="test_empty_body_returns_400_legal_name_required" time="0.366" /><testcase classname="backend.tests.test_iteration5_fixes.TestFix2VerificationValidationOrder" name="test_only_legal_name_returns_400_tax_id_required" time="0.254" /><testcase classname="backend.tests.test_iteration5_fixes.TestFix2VerificationValidationOrder" name="test_valid_then_duplicate_returns_409" time="0.257" /><testcase classname="backend.tests.test_iteration5_fixes.TestFix3CreateProposalAutoLead" name="test_open_brief_proposal_without_manual_unlock" time="0.172"><failure message="AssertionError: Unexpected status from proposal create: 400 {&quot;detail&quot;:&quot;Bu brief üçün artıq təklif göndərmisiniz&quot;}&#10;assert 400 in (200, 201, 402)&#10; +  where 400 = &lt;Response [400]&gt;.status_code">backend/tests/test_iteration5_fixes.py:225: in test_open_brief_proposal_without_manual_unlock
    assert r_prop.status_code in (200, 201, 402), (
E   AssertionError: Unexpected status from proposal create: 400 {"detail":"Bu brief üçün artıq təklif göndərmisiniz"}
E   assert 400 in (200, 201, 402)
E    +  where 400 = &lt;Response [400]&gt;.status_code</failure></testcase><testcase classname="backend.tests.test_iteration5_fixes.TestStalePlanStatusV2Removed" name="test_plan_status_v2_not_exposed" time="0.058" /><testcase classname="backend.tests.test_iteration5_fixes.TestExistingEndpointsRegression" name="test_demo_login_admin" time="0.099" /><testcase classname="backend.tests.test_iteration5_fixes.TestExistingEndpointsRegression" name="test_plans_public_list" time="0.104" /><testcase classname="backend.tests.test_iteration5_fixes.TestExistingEndpointsRegression" name="test_companies_public_list" time="0.106" /><testcase classname="backend.tests.test_iteration5_fixes.TestExistingEndpointsRegression" name="test_admin_stats" time="0.051" /><testcase classname="backend.tests.test_iteration5_fixes.TestExistingEndpointsRegression" name="test_buyer_dashboard" time="0.211" /><testcase classname="backend.tests.test_iteration5_fixes.TestExistingEndpointsRegression" name="test_provider_analytics" time="0.072" /><testcase classname="backend.tests.test_production_phase1.TestSmoke" name="test_demo_login_admin" time="0.103" /><testcase classname="backend.tests.test_production_phase1.TestSmoke" name="test_demo_login_buyer" time="0.125" /><testcase classname="backend.tests.test_production_phase1.TestSmoke" name="test_demo_login_provider" time="0.102" /><testcase classname="backend.tests.test_production_phase1.TestSmoke" name="test_existing_plans" time="0.124" /><testcase classname="backend.tests.test_production_phase1.TestSmoke" name="test_existing_companies" time="0.099" /><testcase classname="backend.tests.test_production_phase1.TestSmoke" name="test_existing_categories" time="0.100" /><testcase classname="backend.tests.test_production_phase1.TestSmoke" name="test_buyer_dashboard" time="0.107" /><testcase classname="backend.tests.test_production_phase1.TestSmoke" name="test_me_analytics" time="0.113" /><testcase classname="backend.tests.test_production_phase1.TestPublicPlansAndStatus" name="test_public_plans" time="0.097" /><testcase classname="backend.tests.test_production_phase1.TestPublicPlansAndStatus" name="test_me_plan_usage" time="0.054" /><testcase classname="backend.tests.test_production_phase1.TestPublicPlansAndStatus" name="test_me_current_plan" time="0.048" /><testcase classname="backend.tests.test_production_phase1.TestVerification" name="test_submit_requires_legal_name" time="0.307" /><testcase classname="backend.tests.test_production_phase1.TestVerification" name="test_submit_requires_tax_id" time="0.150" /><testcase classname="backend.tests.test_production_phase1.TestVerification" name="test_full_flow" time="0.538" /><testcase classname="backend.tests.test_production_phase1.TestProtectedReviews" name="test_review_requires_existing_project" time="0.048" /><testcase classname="backend.tests.test_production_phase1.TestProtectedReviews" name="test_full_chain" time="0.158"><skipped type="pytest.skip" message="No proposals for brief e915e4b9-3f79-47f9-8cff-337c291394a8">/app/backend/tests/test_production_phase1.py:274: No proposals for brief e915e4b9-3f79-47f9-8cff-337c291394a8</skipped></testcase><testcase classname="backend.tests.test_production_phase1.TestSubscriptionLifecycle" name="test_request_upgrade_and_mark_paid" time="0.667" /><testcase classname="backend.tests.test_production_phase1.TestSubscriptionLifecycle" name="test_request_upgrade_invalid_cycle" time="0.050" /><testcase classname="backend.tests.test_production_phase1.TestAdminPlansV2" name="test_full_flow" time="0.687" /><testcase classname="backend.tests.test_production_phase1.TestOpenBriefs" name="test_list_and_unlock" time="0.177" /><testcase classname="backend.tests.test_production_phase1.TestPaymentProviderStatus" name="test_manual" time="0.048" /><testcase classname="backend.tests.test_production_phase1.TestBackgroundJobs" name="test_run_expiry_admin" time="0.055" /><testcase classname="backend.tests.test_production_phase1.TestBackgroundJobs" name="test_run_expiry_non_admin_forbidden" time="0.056" /><testcase classname="backend.tests.test_production_phase1.TestAuditAndPermissions" name="test_buyer_forbidden_admin" time="0.046" /><testcase classname="backend.tests.test_production_phase1.TestAuditAndPermissions" name="test_provider_forbidden_admin" time="0.061" /><testcase classname="backend.tests.test_production_phase1.TestAuditAndPermissions" name="test_audit_logs_list" time="0.055" /><testcase classname="backend.tests.test_production_phase1.TestMigrations" name="test_leads_have_required_fields" time="0.052" /><testcase classname="backend.tests.test_production_phase1.TestMigrations" name="test_briefs_visibility_field" time="0.127"><skipped type="pytest.skip" message="Public /briefs not available">/app/backend/tests/test_production_phase1.py:522: Public /briefs not available</skipped></testcase></testsuite></testsuites>