<?xml version="1.0" encoding="utf-8"?><testsuites name="pytest tests"><testsuite name="pytest" errors="0" failures="1" skipped="0" tests="35" time="6.421" timestamp="2026-06-25T13:52:51.121139+00:00" hostname="agent-env-2ce975ec-4908-4d51-b0dd-c249f8c7e90f"><testcase classname="backend.tests.backend_test.TestPublic" name="test_categories_seeded_20" time="0.128" /><testcase classname="backend.tests.backend_test.TestPublic" name="test_plans_4" time="0.050" /><testcase classname="backend.tests.backend_test.TestPublic" name="test_companies_list_and_filters" time="0.098" /><testcase classname="backend.tests.backend_test.TestPublic" name="test_company_detail_with_relations" time="0.101" /><testcase classname="backend.tests.backend_test.TestPublic" name="test_services_list_and_detail" time="0.097" /><testcase classname="backend.tests.backend_test.TestPublic" name="test_ads_and_blog" time="0.090"><failure message="AssertionError: assert False&#10; +  where False = isinstance({'items': [{'id': '63d1d6b8-088e-4054-8b27-32bed82f57d7', 'title': 'Software development şirkəti necə seçilməlidir?', 'slug': 'software-development-sirketi-secimi', 'excerpt': 'Tech stack, metodologiya, ekspertiza və portfolio - software partner seçimində kritik faktorlar.', ...}, {'id': 'b673f062-3b68-445f-ab13-9b2170bd7cc3', 'title': 'SEO agentliyi seçərkən nələrə baxmaq lazımdır?', 'slug': 'seo-agentliyi-seciminin-meyarlari', 'excerpt': 'Real nəticələr, şəffaf hesabat və sahə təcrübəsi - SEO uğurunun açarı.', ...}, {'id': 'ddfe95c1-a42f-453c-a8bd-f4bd1ba69c75', 'title': 'B2B xidmət bazarında düzgün provider seçimi', 'slug': 'duzgun-provider-secimi', 'excerpt': 'Düzgün provider seçimi biznesinizin uğurunun açarıdır. Hansı suallar verməlisiniz?', ...}, {'id': 'eb2f92fc-1adb-43e2-90e3-0fea9f5aab3d', 'title': 'Agentlik necə seçilir? 7 vacib meyar', 'slug': 'agentlik-nece-secilir', 'excerpt': 'B2B xidmət bazarında agentlik seçərkən portfolio, qiymət, kommunikasiya və digər meyarlara fokuslanın.', ...}], 'total': 4, 'page': 1, 'limit': 9}, list)">E   AssertionError: assert False
     +  where False = isinstance({'items': [{'id': '63d1d6b8-088e-4054-8b27-32bed82f57d7', 'title': 'Software development şirkəti necə seçilməlidir?', 'slug': 'software-development-sirketi-secimi', 'excerpt': 'Tech stack, metodologiya, ekspertiza və portfolio - software partner seçimində kritik faktorlar.', ...}, {'id': 'b673f062-3b68-445f-ab13-9b2170bd7cc3', 'title': 'SEO agentliyi seçərkən nələrə baxmaq lazımdır?', 'slug': 'seo-agentliyi-seciminin-meyarlari', 'excerpt': 'Real nəticələr, şəffaf hesabat və sahə təcrübəsi - SEO uğurunun açarı.', ...}, {'id': 'ddfe95c1-a42f-453c-a8bd-f4bd1ba69c75', 'title': 'B2B xidmət bazarında düzgün provider seçimi', 'slug': 'duzgun-provider-secimi', 'excerpt': 'Düzgün provider seçimi biznesinizin uğurunun açarıdır. Hansı suallar verməlisiniz?', ...}, {'id': 'eb2f92fc-1adb-43e2-90e3-0fea9f5aab3d', 'title': 'Agentlik necə seçilir? 7 vacib meyar', 'slug': 'agentlik-nece-secilir', 'excerpt': 'B2B xidmət bazarında agentlik seçərkən portfolio, qiymət, kommunikasiya və digər meyarlara fokuslanın.', ...}], 'total': 4, 'page': 1, 'limit': 9}, list)</failure></testcase><testcase classname="backend.tests.backend_test.TestAuth" name="test_login_demo_users_all_three" time="0.815" /><testcase classname="backend.tests.backend_test.TestAuth" name="test_login_wrong_password" time="0.267" /><testcase classname="backend.tests.backend_test.TestAuth" name="test_demo_login_each_role" time="0.143" /><testcase classname="backend.tests.backend_test.TestAuth" name="test_demo_login_invalid_role" time="0.047" /><testcase classname="backend.tests.backend_test.TestAuth" name="test_auth_me_with_bearer" time="0.370" /><testcase classname="backend.tests.backend_test.TestAuth" name="test_auth_me_unauthenticated" time="0.107" /><testcase classname="backend.tests.backend_test.TestAuth" name="test_register_buyer_creates_profile" time="0.318" /><testcase classname="backend.tests.backend_test.TestAuth" name="test_register_provider_creates_pending_company" time="0.702" /><testcase classname="backend.tests.backend_test.TestAuth" name="test_register_duplicate" time="0.045" /><testcase classname="backend.tests.backend_test.TestAuth" name="test_register_invalid_role" time="0.042" /><testcase classname="backend.tests.backend_test.TestBuyerFlow" name="test_create_brief_and_list" time="0.143" /><testcase classname="backend.tests.backend_test.TestBuyerFlow" name="test_proposals_received" time="0.049" /><testcase classname="backend.tests.backend_test.TestBuyerFlow" name="test_shortlist_add_get_remove" time="0.234" /><testcase classname="backend.tests.backend_test.TestBuyerFlow" name="test_buyer_dashboard" time="0.052" /><testcase classname="backend.tests.backend_test.TestProviderFlow" name="test_get_my_company" time="0.368" /><testcase classname="backend.tests.backend_test.TestProviderFlow" name="test_update_my_company" time="0.047" /><testcase classname="backend.tests.backend_test.TestProviderFlow" name="test_services_crud" time="0.293" /><testcase classname="backend.tests.backend_test.TestProviderFlow" name="test_leads" time="0.054" /><testcase classname="backend.tests.backend_test.TestProviderFlow" name="test_proposal_create_and_sent" time="0.148" /><testcase classname="backend.tests.backend_test.TestProviderFlow" name="test_analytics" time="0.048" /><testcase classname="backend.tests.backend_test.TestAdmin" name="test_stats" time="0.053" /><testcase classname="backend.tests.backend_test.TestAdmin" name="test_companies_list_and_actions" time="0.209" /><testcase classname="backend.tests.backend_test.TestAdmin" name="test_users_reviews_leads_briefs" time="0.201" /><testcase classname="backend.tests.backend_test.TestAdmin" name="test_ads_plans_settings_integrations_audit" time="0.242" /><testcase classname="backend.tests.backend_test.TestRBAC" name="test_buyer_blocked_from_admin" time="0.045" /><testcase classname="backend.tests.backend_test.TestRBAC" name="test_provider_blocked_from_admin" time="0.047" /><testcase classname="backend.tests.backend_test.TestRBAC" name="test_buyer_blocked_from_provider_endpoints" time="0.239" /><testcase classname="backend.tests.backend_test.TestRBAC" name="test_provider_blocked_from_buyer_endpoints" time="0.193" /><testcase classname="backend.tests.backend_test.TestRBAC" name="test_unauthenticated_blocked" time="0.257" /></testsuite></testsuites>