<?xml version="1.0" encoding="utf-8"?><testsuites name="pytest tests"><testsuite name="pytest" errors="0" failures="1" skipped="2" tests="28" time="4.310" timestamp="2026-06-25T13:46:55.344124+00:00" hostname="agent-env-2ce975ec-4908-4d51-b0dd-c249f8c7e90f"><testcase classname="backend.tests.test_production_phase1.TestSmoke" name="test_demo_login_admin" time="0.175" /><testcase classname="backend.tests.test_production_phase1.TestSmoke" name="test_demo_login_buyer" time="0.102" /><testcase classname="backend.tests.test_production_phase1.TestSmoke" name="test_demo_login_provider" time="0.130" /><testcase classname="backend.tests.test_production_phase1.TestSmoke" name="test_existing_plans" time="0.101" /><testcase classname="backend.tests.test_production_phase1.TestSmoke" name="test_existing_companies" time="0.101" /><testcase classname="backend.tests.test_production_phase1.TestSmoke" name="test_existing_categories" time="0.109" /><testcase classname="backend.tests.test_production_phase1.TestSmoke" name="test_buyer_dashboard" time="0.109" /><testcase classname="backend.tests.test_production_phase1.TestSmoke" name="test_me_analytics" time="0.155" /><testcase classname="backend.tests.test_production_phase1.TestPublicPlansAndStatus" name="test_public_plans" time="0.114" /><testcase classname="backend.tests.test_production_phase1.TestPublicPlansAndStatus" name="test_me_plan_usage" time="0.058" /><testcase classname="backend.tests.test_production_phase1.TestPublicPlansAndStatus" name="test_me_current_plan" time="0.060" /><testcase classname="backend.tests.test_production_phase1.TestVerification" name="test_submit_requires_legal_name" time="0.203" /><testcase classname="backend.tests.test_production_phase1.TestVerification" name="test_submit_requires_tax_id" time="0.148" /><testcase classname="backend.tests.test_production_phase1.TestVerification" name="test_full_flow" time="0.513" /><testcase classname="backend.tests.test_production_phase1.TestProtectedReviews" name="test_review_requires_existing_project" time="0.050" /><testcase classname="backend.tests.test_production_phase1.TestProtectedReviews" name="test_full_chain" time="0.138"><skipped type="pytest.skip" message="No proposals for brief 5f18af94-ffb1-436c-94bb-fbee8de099a3">/app/backend/tests/test_production_phase1.py:274: No proposals for brief 5f18af94-ffb1-436c-94bb-fbee8de099a3</skipped></testcase><testcase classname="backend.tests.test_production_phase1.TestSubscriptionLifecycle" name="test_request_upgrade_and_mark_paid" time="0.664" /><testcase classname="backend.tests.test_production_phase1.TestSubscriptionLifecycle" name="test_request_upgrade_invalid_cycle" time="0.055" /><testcase classname="backend.tests.test_production_phase1.TestAdminPlansV2" name="test_full_flow" time="0.557"><failure message="AssertionError: Internal Server Error&#10;assert 500 == 200&#10; +  where 500 = &lt;Response [500]&gt;.status_code">backend/tests/test_production_phase1.py:406: in test_full_flow
    assert r7.status_code == 200, r7.text
E   AssertionError: Internal Server Error
E   assert 500 == 200
E    +  where 500 = &lt;Response [500]&gt;.status_code</failure></testcase><testcase classname="backend.tests.test_production_phase1.TestOpenBriefs" name="test_list_and_unlock" time="0.165" /><testcase classname="backend.tests.test_production_phase1.TestPaymentProviderStatus" name="test_manual" time="0.053" /><testcase classname="backend.tests.test_production_phase1.TestBackgroundJobs" name="test_run_expiry_admin" time="0.051" /><testcase classname="backend.tests.test_production_phase1.TestBackgroundJobs" name="test_run_expiry_non_admin_forbidden" time="0.058" /><testcase classname="backend.tests.test_production_phase1.TestAuditAndPermissions" name="test_buyer_forbidden_admin" time="0.056" /><testcase classname="backend.tests.test_production_phase1.TestAuditAndPermissions" name="test_provider_forbidden_admin" time="0.049" /><testcase classname="backend.tests.test_production_phase1.TestAuditAndPermissions" name="test_audit_logs_list" time="0.054" /><testcase classname="backend.tests.test_production_phase1.TestMigrations" name="test_leads_have_required_fields" time="0.052" /><testcase classname="backend.tests.test_production_phase1.TestMigrations" name="test_briefs_visibility_field" time="0.095"><skipped type="pytest.skip" message="Public /briefs not available">/app/backend/tests/test_production_phase1.py:522: Public /briefs not available</skipped></testcase></testsuite></testsuites>